<?xml version="1.0" encoding="UTF-8"?>
<!-- Generated by org.testng.reporters.JUnitReportReporter -->
<testsuite hostname="DESKTOP-SMTEURG" failures="0" tests="1" name="UpdateProfile" time="15.505" errors="0" timestamp="2022-04-27T15:41:52 IST" skipped="0">
  <testcase classname="UpdateProfile" name="afterLogin" time="15.505"/>
  <system-out/>
</testsuite> <!-- UpdateProfile -->
