<?xml version="1.0" encoding="UTF-8"?>
<!-- Generated by org.testng.reporters.JUnitReportReporter -->
<testsuite hostname="DESKTOP-SMTEURG" failures="0" tests="1" name="LoginTestCase" time="7.965" errors="0" timestamp="2022-04-27T15:16:00 IST" skipped="0">
  <testcase classname="LoginTestCase" name="phpTravels" time="7.965"/>
  <system-out/>
</testsuite> <!-- LoginTestCase -->
